<?xml version="1.0" encoding="UTF-8"?>
<testng-results ignored="0" total="1" passed="1" failed="0" skipped="0">
  <reporter-output>
  </reporter-output>
  <suite started-at="2022-07-06T16:05:52 IST" name="Default suite" finished-at="2022-07-06T16:06:40 IST" duration-ms="47729">
    <groups>
    </groups>
    <test started-at="2022-07-06T16:05:52 IST" name="Default test" finished-at="2022-07-06T16:06:40 IST" duration-ms="47729">
      <class name="test_scripts.Testfbt">
        <test-method is-config="true" signature="openappln()[pri:0, instance:test_scripts.Testfbt@6c7a164b]" started-at="2022-07-06T16:05:52 IST" name="openappln" finished-at="2022-07-06T16:06:29 IST" duration-ms="37043" status="PASS">
          <reporter-output>
          </reporter-output>
        </test-method> <!-- openappln -->
        <test-method signature="login()[pri:0, instance:test_scripts.Testfbt@6c7a164b]" started-at="2022-07-06T16:06:29 IST" name="login" finished-at="2022-07-06T16:06:39 IST" duration-ms="9825" status="PASS">
          <reporter-output>
          </reporter-output>
        </test-method> <!-- login -->
        <test-method is-config="true" signature="closeappln()[pri:0, instance:test_scripts.Testfbt@6c7a164b]" started-at="2022-07-06T16:06:39 IST" name="closeappln" finished-at="2022-07-06T16:06:40 IST" duration-ms="800" status="PASS">
          <reporter-output>
          </reporter-output>
        </test-method> <!-- closeappln -->
      </class> <!-- test_scripts.Testfbt -->
    </test> <!-- Default test -->
  </suite> <!-- Default suite -->
</testng-results>
